<?xml version="1.0" encoding="UTF-8"?>
<testsuite name="Cucumber" time="66.344" tests="3" skipped="0" failures="0" errors="0" timestamp="2025-10-29T00:46:38.696955500Z">
<testcase classname="Login Functionality" name="Login with invalid crediantials - #1.1" time="25.458">
<system-out><![CDATA[
Given User launches the chrome browser......................................passed
When user opens the URL  "https://rahulshettyacademy.com/AutomationPractice/".passed
And user clicks on home page................................................passed
And user clicks on login....................................................passed
And user enters the invalid email as "dhshshsh@999.com".....................passed
Then user should see the text "invalid email"...............................passed
]]></system-out>
</testcase>
<testcase classname="Login Functionality" name="Login with invalid crediantials - #1.2" time="21.693">
<system-out><![CDATA[
Given User launches the chrome browser......................................passed
When user opens the URL  "https://rahulshettyacademy.com/AutomationPractice/".passed
And user clicks on home page................................................passed
And user clicks on login....................................................passed
And user enters the invalid email as "hshshshk@999.com".....................passed
Then user should see the text "invalid email"...............................passed
]]></system-out>
</testcase>
<testcase classname="Login Functionality" name="Login with invalid crediantials - #1.3" time="18.784">
<system-out><![CDATA[
Given User launches the chrome browser......................................passed
When user opens the URL  "https://rahulshettyacademy.com/AutomationPractice/".passed
And user clicks on home page................................................passed
And user clicks on login....................................................passed
And user enters the invalid email as "hsh7788shk@999.com"...................passed
Then user should see the text "invalid email"...............................passed
]]></system-out>
</testcase>
</testsuite>
